[www.afun.com/en/index.html]
[backblue.gif]
[fade.gif]
[index.html]
[www.afun.com/res/icon/favicon.ico]
[www.afun.com/res/icon/favicon.png]
[web-res-ccc.afunimg8.com/newres/i18n/en-US.2c4b9.delayed]
[www.afun.com/static/entry.a29c514e.js]
[www.afun.com/static/entry.7ceef43f.css]
[www.afun.com/static/components.714249d4.css]
[www.afun.com/static/components.5c685e30.js]
[www.afun.com/static/sysicon.63c41fa0.svg]
[web-res-ccc.afunimg8.com/cdn-cgi/image/format=auto/C02/home/loading.8c9b0.delayed]
[www.afun.com/cdn-cgi/challenge-platform/h/g/scripts/jsd/6aac8896f227/main.js]
[www.afun.com/en/index.html]
[web-res-ccc.afunimg8.com/newres/i18n/en-USc4b9.html]
[www.afun.com/static/sysicon.b356cbcbe99a.eot]
[www.afun.com/static/sysicon.b356cbcbe99a.eot]
[www.afun.com/static/sysicon.dca8e901e99a.ttf]
[www.afun.com/static/sysicon.78bfd594e99a.woff]
[www.afun.com/static/entry.7ceef43f.css]
[www.afun.com/static/components.714249d4.css]
[www.afun.com/static/sysicon.63c41fa0.svg]
[web-res-ccc.afunimg8.com/cdn-cgi/image/format=auto/C02/home/loadingc9b0.html]
[www.afun.com/static/sysicon.78bfd594e99a.woff]
[www.afun.com/static/sysicon.63c41fa0e99a.svg]
[www.afun.com/static/sysicon.63c41fa0e99a.svg]
